[2026-04-09 17:20:09] ============================================================
[2026-04-09 17:20:09] Starting daily GitHub scan for battery RUL repositories
[2026-04-09 17:20:09] ============================================================
[2026-04-09 17:20:09] Query 'battery remaining useful life language:python star...': found 5 repos
[2026-04-09 17:20:10] Saved candidate: battery_rul_ustc-ai4eee_patchformer_f58330
[2026-04-09 17:20:10] Saved candidate: battery_rul_chan1w_rul_exformer_dc9236
[2026-04-09 17:20:10] Saved candidate: battery_rul_ustc-ai4eee_rul_mamba_559501
[2026-04-09 17:20:11] Saved candidate: battery_rul_mystifoe_battery_rul_prediction_65fcf0
[2026-04-09 17:20:11] Saved candidate: battery_rul_wenpengfei0823_pinn_battery_prognostics_ea3298
[2026-04-09 17:20:11] Query 'battery RUL prediction language:python stars:>10...': found 5 repos
[2026-04-09 17:20:11] Saved candidate: battery_rul_huzaifi18_rul_prediction_1fa27a
[2026-04-09 17:20:12] Query 'lithium-ion degradation machine learning language:...': found 0 repos
[2026-04-09 17:20:12] Query 'battery health estimation deep learning language:p...': found 2 repos
[2026-04-09 17:20:12] Saved candidate: battery_rul_kiki0016_state_of_health_estimation_of_electric_vehicle_batteries_using_detransformer_df60d4
[2026-04-09 17:20:13] Query 'battery state of health neural network language:py...': found 2 repos
[2026-04-09 17:20:13] Query 'battery cycle life prediction language:python star...': found 4 repos
[2026-04-09 17:20:13] Topic 'battery-ml': found 0 repos
[2026-04-09 17:20:13] Topic 'rul-estimation': found 0 repos
[2026-04-09 17:20:13] Topic 'battery-prediction': found 0 repos
[2026-04-09 17:20:14] Topic 'battery-health': found 2 repos
[2026-04-09 17:20:14] Error searching topic lithium-ion-ml: 403
[2026-04-09 17:20:14] Error searching topic battery-prognostics: 403
[2026-04-09 17:20:14] Error searching topic battery-degradation: 403
[2026-04-09 17:20:14] Error searching topic battery-ai: 403
[2026-04-09 17:20:14] Error searching topic battery-data-science: 403
[2026-04-09 17:20:14] Error searching topic energy-storage-ml: 403
[2026-04-09 17:20:14] ============================================================
[2026-04-09 17:20:14] Scan complete: 7 relevant repos, 7 new candidates
[2026-04-09 17:20:14] ============================================================
