# Shadow Mode Comparison Log
# Generated by Deployment Agent - Hourly Monitoring

================================================================================
MONITORING REPORT - 2026-04-09 17:05 UTC
================================================================================

STATUS: NO SHADOW METHODS ACTIVE

Summary:
--------
The shadow mode registry is empty. No methods are currently running in shadow mode.

Registry State:
- Shadow methods: 0
- Production method: Not configured
- Last check: 2026-04-09 17:05:00 UTC

Recommendations:
----------------
1. Deploy a method to shadow mode for evaluation
2. Configure a production baseline method
3. Ensure PostgreSQL database connection is configured

Next Steps:
-----------
To begin shadow mode monitoring:
1. Implement a candidate method in src/development/methods/
2. Run evaluation benchmarks in src/evaluation/
3. Deploy to shadow mode using the shadow_deployer agent
4. This monitoring job will automatically compare predictions hourly

================================================================================
END OF REPORT
================================================================================
